<?xml version="1.0" encoding="UTF-8"?>
<testng-results ignored="0" total="1" passed="1" failed="0" skipped="0">
  <reporter-output>
  </reporter-output>
  <suite started-at="2024-05-17T11:57:07 IST" name="Surefire suite" finished-at="2024-05-17T11:57:07 IST" duration-ms="40">
    <groups>
    </groups>
    <test started-at="2024-05-17T11:57:07 IST" name="Surefire test" finished-at="2024-05-17T11:57:07 IST" duration-ms="40">
      <class name="com.nav.TestHelloWorld">
        <test-method signature="helloWorld()[pri:0, instance:com.nav.TestHelloWorld@3b07a0d6]" started-at="2024-05-17T11:57:07 IST" name="helloWorld" description="Verify hello world" finished-at="2024-05-17T11:57:07 IST" duration-ms="2" status="PASS">
          <reporter-output>
          </reporter-output>
        </test-method> <!-- helloWorld -->
      </class> <!-- com.nav.TestHelloWorld -->
    </test> <!-- Surefire test -->
  </suite> <!-- Surefire suite -->
</testng-results>
