<?xml version="1.0" encoding="UTF-8"?>
<testng-results ignored="0" total="1" passed="1" failed="0" skipped="0">
  <reporter-output>
  </reporter-output>
  <suite started-at="2024-05-17T12:29:07 IST" name="Suite" finished-at="2024-05-17T12:29:07 IST" duration-ms="48">
    <groups>
    </groups>
    <test started-at="2024-05-17T12:29:07 IST" name="Test" finished-at="2024-05-17T12:29:07 IST" duration-ms="48">
      <class name="com.nav.TestHelloWorld">
        <test-method signature="helloWorld()[pri:0, instance:com.nav.TestHelloWorld@19e4653c]" started-at="2024-05-17T12:29:07 IST" name="helloWorld" description="Verify hello world" finished-at="2024-05-17T12:29:07 IST" duration-ms="8" status="PASS">
          <reporter-output>
          </reporter-output>
        </test-method> <!-- helloWorld -->
      </class> <!-- com.nav.TestHelloWorld -->
    </test> <!-- Test -->
  </suite> <!-- Suite -->
</testng-results>
